生成启动时间为 2016/11/24 23:53:14。
     1>项目“F:\CProjec\sizeof\sizeof\sizeof.vcxproj”在节点 2 上(build 个目标)。
     1>InitializeBuildStatus:
         正在创建“Debug\sizeof.unsuccessfulbuild”，因为已指定“AlwaysCreate”。
       ClCompile:
         所有输出均为最新。
         C:\Program Files (x86)\Microsoft Visual Studio 10.0\VC\bin\CL.exe /c /ZI /nologo /W3 /WX- /Od /Oy- /D WIN32 /D _DEBUG /D _CONSOLE /D _MBCS /Gm /EHsc /RTC1 /MTd /GS /fp:precise /Zc:wchar_t /Zc:forScope /Yu"StdAfx.h" /Fp"Debug\sizeof.pch" /Fo"Debug\\" /Fd"Debug\vc100.pdb" /Gd /TP /analyze- /errorReport:prompt sizeof.cpp
         sizeof.cpp
       ManifestResourceCompile:
         所有输出均为最新。
       Link:
         C:\Program Files (x86)\Microsoft Visual Studio 10.0\VC\bin\link.exe /ERRORREPORT:PROMPT /OUT:"F:\CProjec\sizeof\Debug\sizeof.exe" /INCREMENTAL /NOLOGO /MANIFEST /ManifestFile:"Debug\sizeof.exe.intermediate.manifest" /MANIFESTUAC:"level='asInvoker' uiAccess='false'" /DEBUG /PDB:"F:\CProjec\sizeof\Debug\sizeof.pdb" /SUBSYSTEM:CONSOLE /TLBID:1 /DYNAMICBASE /NXCOMPAT /IMPLIB:"F:\CProjec\sizeof\Debug\sizeof.lib" /MACHINE:X86 Debug\sizeof.exe.embed.manifest.res
         Debug\sizeof.obj
         Debug\stdafx.obj
       Manifest:
         C:\Program Files (x86)\Microsoft SDKs\Windows\v7.0A\bin\mt.exe /nologo /verbose /out:"Debug\sizeof.exe.embed.manifest" /manifest Debug\sizeof.exe.intermediate.manifest "C:\Program Files (x86)\Microsoft Visual Studio 10.0\VC\Include\Manifest\dpiaware.manifest"
         所有输出均为最新。
       LinkEmbedManifest:
         所有输出均为最新。
         sizeof.vcxproj -> F:\CProjec\sizeof\Debug\sizeof.exe
       FinalizeBuildStatus:
         正在删除文件“Debug\sizeof.unsuccessfulbuild”。
         正在对“Debug\sizeof.lastbuildstate”执行 Touch 任务。
     1>已完成生成项目“F:\CProjec\sizeof\sizeof\sizeof.vcxproj”(build 个目标)的操作。

生成成功。

已用时间 00:00:00.41
