生成启动时间为 2016/11/27 22:03:30。
     1>项目“F:\CProjec\pound\pound\pound.vcxproj”在节点 2 上(build 个目标)。
     1>InitializeBuildStatus:
         正在创建“Debug\pound.unsuccessfulbuild”，因为已指定“AlwaysCreate”。
       ClCompile:
         所有输出均为最新。
         C:\Program Files (x86)\Microsoft Visual Studio 10.0\VC\bin\CL.exe /c /ZI /nologo /W3 /WX- /Od /Oy- /D WIN32 /D _DEBUG /D _CONSOLE /D _MBCS /Gm /EHsc /RTC1 /MTd /GS /fp:precise /Zc:wchar_t /Zc:forScope /Yu"StdAfx.h" /Fp"Debug\pound.pch" /Fo"Debug\\" /Fd"Debug\vc100.pdb" /Gd /TP /analyze- /errorReport:prompt pound.cpp
         pound.cpp
       ManifestResourceCompile:
         所有输出均为最新。
       Link:
         C:\Program Files (x86)\Microsoft Visual Studio 10.0\VC\bin\link.exe /ERRORREPORT:PROMPT /OUT:"F:\CProjec\pound\Debug\pound.exe" /INCREMENTAL /NOLOGO /MANIFEST /ManifestFile:"Debug\pound.exe.intermediate.manifest" /MANIFESTUAC:"level='asInvoker' uiAccess='false'" /DEBUG /PDB:"F:\CProjec\pound\Debug\pound.pdb" /SUBSYSTEM:CONSOLE /TLBID:1 /DYNAMICBASE /NXCOMPAT /IMPLIB:"F:\CProjec\pound\Debug\pound.lib" /MACHINE:X86 Debug\pound.exe.embed.manifest.res
         Debug\pound.obj
         Debug\stdafx.obj
       Manifest:
         C:\Program Files (x86)\Microsoft SDKs\Windows\v7.0A\bin\mt.exe /nologo /verbose /out:"Debug\pound.exe.embed.manifest" /manifest Debug\pound.exe.intermediate.manifest "C:\Program Files (x86)\Microsoft Visual Studio 10.0\VC\Include\Manifest\dpiaware.manifest"
         所有输出均为最新。
       LinkEmbedManifest:
         所有输出均为最新。
         pound.vcxproj -> F:\CProjec\pound\Debug\pound.exe
       FinalizeBuildStatus:
         正在删除文件“Debug\pound.unsuccessfulbuild”。
         正在对“Debug\pound.lastbuildstate”执行 Touch 任务。
     1>已完成生成项目“F:\CProjec\pound\pound\pound.vcxproj”(build 个目标)的操作。

生成成功。

已用时间 00:00:00.44
