生成启动时间为 2016/11/25 0:12:21。
     1>项目“F:\CProjec\min_sec\min_sec\min_sec.vcxproj”在节点 2 上(build 个目标)。
     1>InitializeBuildStatus:
         正在创建“Debug\min_sec.unsuccessfulbuild”，因为已指定“AlwaysCreate”。
       ClCompile:
         所有输出均为最新。
         C:\Program Files (x86)\Microsoft Visual Studio 10.0\VC\bin\CL.exe /c /ZI /nologo /W3 /WX- /Od /Oy- /D WIN32 /D _DEBUG /D _CONSOLE /D _MBCS /Gm /EHsc /RTC1 /MTd /GS /fp:precise /Zc:wchar_t /Zc:forScope /Yu"StdAfx.h" /Fp"Debug\min_sec.pch" /Fo"Debug\\" /Fd"Debug\vc100.pdb" /Gd /TP /analyze- /errorReport:prompt min_sec.cpp
         min_sec.cpp
     1>f:\cprojec\min_sec\min_sec\min_sec.cpp(13): warning C4996: 'scanf': This function or variable may be unsafe. Consider using scanf_s instead. To disable deprecation, use _CRT_SECURE_NO_WARNINGS. See online help for details.
                 c:\program files (x86)\microsoft visual studio 10.0\vc\include\stdio.h(304) : 参见“scanf”的声明
     1>f:\cprojec\min_sec\min_sec\min_sec.cpp(21): warning C4996: 'scanf': This function or variable may be unsafe. Consider using scanf_s instead. To disable deprecation, use _CRT_SECURE_NO_WARNINGS. See online help for details.
                 c:\program files (x86)\microsoft visual studio 10.0\vc\include\stdio.h(304) : 参见“scanf”的声明
       ManifestResourceCompile:
         所有输出均为最新。
       Link:
         C:\Program Files (x86)\Microsoft Visual Studio 10.0\VC\bin\link.exe /ERRORREPORT:PROMPT /OUT:"F:\CProjec\min_sec\Debug\min_sec.exe" /INCREMENTAL /NOLOGO /MANIFEST /ManifestFile:"Debug\min_sec.exe.intermediate.manifest" /MANIFESTUAC:"level='asInvoker' uiAccess='false'" /DEBUG /PDB:"F:\CProjec\min_sec\Debug\min_sec.pdb" /SUBSYSTEM:CONSOLE /TLBID:1 /DYNAMICBASE /NXCOMPAT /IMPLIB:"F:\CProjec\min_sec\Debug\min_sec.lib" /MACHINE:X86 Debug\min_sec.exe.embed.manifest.res
         Debug\min_sec.obj
         Debug\stdafx.obj
       Manifest:
         C:\Program Files (x86)\Microsoft SDKs\Windows\v7.0A\bin\mt.exe /nologo /verbose /out:"Debug\min_sec.exe.embed.manifest" /manifest Debug\min_sec.exe.intermediate.manifest "C:\Program Files (x86)\Microsoft Visual Studio 10.0\VC\Include\Manifest\dpiaware.manifest"
         所有输出均为最新。
       LinkEmbedManifest:
         所有输出均为最新。
         min_sec.vcxproj -> F:\CProjec\min_sec\Debug\min_sec.exe
       FinalizeBuildStatus:
         正在删除文件“Debug\min_sec.unsuccessfulbuild”。
         正在对“Debug\min_sec.lastbuildstate”执行 Touch 任务。
     1>已完成生成项目“F:\CProjec\min_sec\min_sec\min_sec.vcxproj”(build 个目标)的操作。

生成成功。

已用时间 00:00:00.41
