生成启动时间为 2016/11/18 1:07:31。
     1>项目“F:\CProjec\nogood\nogood\nogood.vcxproj”在节点 2 上(build 个目标)。
     1>InitializeBuildStatus:
         正在对“Debug\nogood.unsuccessfulbuild”执行 Touch 任务。
       ClCompile:
         所有输出均为最新。
         C:\Program Files (x86)\Microsoft Visual Studio 10.0\VC\bin\CL.exe /c /ZI /nologo /W3 /WX- /Od /Oy- /D WIN32 /D _DEBUG /D _CONSOLE /D _MBCS /Gm /EHsc /RTC1 /MTd /GS /fp:precise /Zc:wchar_t /Zc:forScope /Yu"StdAfx.h" /Fp"Debug\nogood.pch" /Fo"Debug\\" /Fd"Debug\vc100.pdb" /Gd /TP /analyze- /errorReport:prompt nogood.cpp
         nogood.cpp
       ManifestResourceCompile:
         C:\Program Files (x86)\Microsoft SDKs\Windows\v7.0A\bin\rc.exe /nologo /fo"Debug\nogood.exe.embed.manifest.res" Debug\nogood_manifest.rc 
       Link:
         C:\Program Files (x86)\Microsoft Visual Studio 10.0\VC\bin\link.exe /ERRORREPORT:PROMPT /OUT:"F:\CProjec\nogood\Debug\nogood.exe" /INCREMENTAL /NOLOGO /MANIFEST /ManifestFile:"Debug\nogood.exe.intermediate.manifest" /MANIFESTUAC:"level='asInvoker' uiAccess='false'" /DEBUG /PDB:"F:\CProjec\nogood\Debug\nogood.pdb" /SUBSYSTEM:CONSOLE /TLBID:1 /DYNAMICBASE /NXCOMPAT /IMPLIB:"F:\CProjec\nogood\Debug\nogood.lib" /MACHINE:X86 Debug\nogood.exe.embed.manifest.res
         Debug\nogood.obj
         Debug\stdafx.obj
       Manifest:
         C:\Program Files (x86)\Microsoft SDKs\Windows\v7.0A\bin\mt.exe /nologo /verbose /out:"Debug\nogood.exe.embed.manifest" /manifest Debug\nogood.exe.intermediate.manifest "C:\Program Files (x86)\Microsoft Visual Studio 10.0\VC\Include\Manifest\dpiaware.manifest"
         C:\Program Files (x86)\Microsoft SDKs\Windows\v7.0A\bin\rc.exe /nologo /fo"Debug\nogood.exe.embed.manifest.res" Debug\nogood_manifest.rc 
       LinkEmbedManifest:
         C:\Program Files (x86)\Microsoft Visual Studio 10.0\VC\bin\link.exe /ERRORREPORT:PROMPT /OUT:"F:\CProjec\nogood\Debug\nogood.exe" /INCREMENTAL /NOLOGO /MANIFEST /ManifestFile:"Debug\nogood.exe.intermediate.manifest" /MANIFESTUAC:"level='asInvoker' uiAccess='false'" /DEBUG /PDB:"F:\CProjec\nogood\Debug\nogood.pdb" /SUBSYSTEM:CONSOLE /TLBID:1 /DYNAMICBASE /NXCOMPAT /IMPLIB:"F:\CProjec\nogood\Debug\nogood.lib" /MACHINE:X86 Debug\nogood.exe.embed.manifest.res
         Debug\nogood.obj
         Debug\stdafx.obj
         nogood.vcxproj -> F:\CProjec\nogood\Debug\nogood.exe
       FinalizeBuildStatus:
         正在删除文件“Debug\nogood.unsuccessfulbuild”。
         正在对“Debug\nogood.lastbuildstate”执行 Touch 任务。
     1>已完成生成项目“F:\CProjec\nogood\nogood\nogood.vcxproj”(build 个目标)的操作。

生成成功。

已用时间 00:00:00.82
