生成启动时间为 2016/11/26 0:21:47。
     1>项目“F:\CProjec\addemmup\addemmup\addemmup.vcxproj”在节点 2 上(build 个目标)。
     1>InitializeBuildStatus:
         正在创建“Debug\addemmup.unsuccessfulbuild”，因为已指定“AlwaysCreate”。
       ClCompile:
         所有输出均为最新。
         C:\Program Files (x86)\Microsoft Visual Studio 10.0\VC\bin\CL.exe /c /ZI /nologo /W3 /WX- /Od /Oy- /D WIN32 /D _DEBUG /D _CONSOLE /D _MBCS /Gm /EHsc /RTC1 /MDd /GS /fp:precise /Zc:wchar_t /Zc:forScope /Yu"StdAfx.h" /Fp"Debug\addemmup.pch" /Fo"Debug\\" /Fd"Debug\vc100.pdb" /Gd /TP /analyze- /errorReport:prompt addemmup.cpp
         addemmup.cpp
       ManifestResourceCompile:
         所有输出均为最新。
       Link:
         C:\Program Files (x86)\Microsoft Visual Studio 10.0\VC\bin\link.exe /ERRORREPORT:PROMPT /OUT:"F:\CProjec\addemmup\Debug\addemmup.exe" /INCREMENTAL /NOLOGO kernel32.lib user32.lib gdi32.lib winspool.lib comdlg32.lib advapi32.lib shell32.lib ole32.lib oleaut32.lib uuid.lib odbc32.lib odbccp32.lib /MANIFEST /ManifestFile:"Debug\addemmup.exe.intermediate.manifest" /MANIFESTUAC:"level='asInvoker' uiAccess='false'" /DEBUG /PDB:"F:\CProjec\addemmup\Debug\addemmup.pdb" /SUBSYSTEM:CONSOLE /TLBID:1 /DYNAMICBASE /NXCOMPAT /IMPLIB:"F:\CProjec\addemmup\Debug\addemmup.lib" /MACHINE:X86 Debug\addemmup.exe.embed.manifest.res
         Debug\addemmup.obj
         Debug\stdafx.obj
       Manifest:
         C:\Program Files (x86)\Microsoft SDKs\Windows\v7.0A\bin\mt.exe /nologo /verbose /out:"Debug\addemmup.exe.embed.manifest" /manifest Debug\addemmup.exe.intermediate.manifest
         所有输出均为最新。
       LinkEmbedManifest:
         所有输出均为最新。
         addemmup.vcxproj -> F:\CProjec\addemmup\Debug\addemmup.exe
       FinalizeBuildStatus:
         正在删除文件“Debug\addemmup.unsuccessfulbuild”。
         正在对“Debug\addemmup.lastbuildstate”执行 Touch 任务。
     1>已完成生成项目“F:\CProjec\addemmup\addemmup\addemmup.vcxproj”(build 个目标)的操作。

生成成功。

已用时间 00:00:00.47
