生成启动时间为 2016/11/23 0:47:36。
     1>项目“F:\CProjec\第四章\flags\flags\flags.vcxproj”在节点 2 上(build 个目标)。
     1>InitializeBuildStatus:
         正在创建“Debug\flags.unsuccessfulbuild”，因为已指定“AlwaysCreate”。
       ClCompile:
         所有输出均为最新。
         C:\Program Files (x86)\Microsoft Visual Studio 10.0\VC\bin\CL.exe /c /ZI /nologo /W3 /WX- /Od /Oy- /D WIN32 /D _DEBUG /D _CONSOLE /D _MBCS /Gm /EHsc /RTC1 /MTd /GS /fp:precise /Zc:wchar_t /Zc:forScope /Yu"StdAfx.h" /Fp"Debug\flags.pch" /Fo"Debug\\" /Fd"Debug\vc100.pdb" /Gd /TP /analyze- /errorReport:prompt flags.cpp
         flags.cpp
       ManifestResourceCompile:
         所有输出均为最新。
       Link:
         C:\Program Files (x86)\Microsoft Visual Studio 10.0\VC\bin\link.exe /ERRORREPORT:PROMPT /OUT:"F:\CProjec\第四章\flags\Debug\flags.exe" /INCREMENTAL /NOLOGO /MANIFEST /ManifestFile:"Debug\flags.exe.intermediate.manifest" /MANIFESTUAC:"level='asInvoker' uiAccess='false'" /DEBUG /PDB:"F:\CProjec\第四章\flags\Debug\flags.pdb" /SUBSYSTEM:CONSOLE /TLBID:1 /DYNAMICBASE /NXCOMPAT /IMPLIB:"F:\CProjec\第四章\flags\Debug\flags.lib" /MACHINE:X86 Debug\flags.exe.embed.manifest.res
         Debug\flags.obj
         Debug\stdafx.obj
       Manifest:
         C:\Program Files (x86)\Microsoft SDKs\Windows\v7.0A\bin\mt.exe /nologo /verbose /out:"Debug\flags.exe.embed.manifest" /manifest Debug\flags.exe.intermediate.manifest "C:\Program Files (x86)\Microsoft Visual Studio 10.0\VC\Include\Manifest\dpiaware.manifest"
         所有输出均为最新。
       LinkEmbedManifest:
         所有输出均为最新。
         flags.vcxproj -> F:\CProjec\第四章\flags\Debug\flags.exe
       FinalizeBuildStatus:
         正在删除文件“Debug\flags.unsuccessfulbuild”。
         正在对“Debug\flags.lastbuildstate”执行 Touch 任务。
     1>已完成生成项目“F:\CProjec\第四章\flags\flags\flags.vcxproj”(build 个目标)的操作。

生成成功。

已用时间 00:00:00.39
