生成启动时间为 2016/11/20 23:47:59。
     1>项目“F:\CProjec\第三章\typesize\typesize\typesize.vcxproj”在节点 2 上(build 个目标)。
     1>InitializeBuildStatus:
         正在创建“Debug\typesize.unsuccessfulbuild”，因为已指定“AlwaysCreate”。
       ClCompile:
         所有输出均为最新。
         C:\Program Files (x86)\Microsoft Visual Studio 10.0\VC\bin\CL.exe /c /ZI /nologo /W3 /WX- /Od /Oy- /D WIN32 /D _DEBUG /D _CONSOLE /D _MBCS /Gm /EHsc /RTC1 /MTd /GS /fp:precise /Zc:wchar_t /Zc:forScope /Yu"StdAfx.h" /Fp"Debug\typesize.pch" /Fo"Debug\\" /Fd"Debug\vc100.pdb" /Gd /TP /analyze- /errorReport:prompt typesize.cpp
         typesize.cpp
       ManifestResourceCompile:
         所有输出均为最新。
       Link:
         C:\Program Files (x86)\Microsoft Visual Studio 10.0\VC\bin\link.exe /ERRORREPORT:PROMPT /OUT:"F:\CProjec\第三章\typesize\Debug\typesize.exe" /INCREMENTAL /NOLOGO /MANIFEST /ManifestFile:"Debug\typesize.exe.intermediate.manifest" /MANIFESTUAC:"level='asInvoker' uiAccess='false'" /DEBUG /PDB:"F:\CProjec\第三章\typesize\Debug\typesize.pdb" /SUBSYSTEM:CONSOLE /TLBID:1 /DYNAMICBASE /NXCOMPAT /IMPLIB:"F:\CProjec\第三章\typesize\Debug\typesize.lib" /MACHINE:X86 Debug\typesize.exe.embed.manifest.res
         Debug\stdafx.obj
         Debug\typesize.obj
       Manifest:
         C:\Program Files (x86)\Microsoft SDKs\Windows\v7.0A\bin\mt.exe /nologo /verbose /out:"Debug\typesize.exe.embed.manifest" /manifest Debug\typesize.exe.intermediate.manifest "C:\Program Files (x86)\Microsoft Visual Studio 10.0\VC\Include\Manifest\dpiaware.manifest"
         所有输出均为最新。
       LinkEmbedManifest:
         所有输出均为最新。
         typesize.vcxproj -> F:\CProjec\第三章\typesize\Debug\typesize.exe
       FinalizeBuildStatus:
         正在删除文件“Debug\typesize.unsuccessfulbuild”。
         正在对“Debug\typesize.lastbuildstate”执行 Touch 任务。
     1>已完成生成项目“F:\CProjec\第三章\typesize\typesize\typesize.vcxproj”(build 个目标)的操作。

生成成功。

已用时间 00:00:00.41
