生成启动时间为 2016/11/17 0:47:56。
     1>项目“F:\CProjec\two_func\two_func\two_func.vcxproj”在节点 2 上(build 个目标)。
     1>InitializeBuildStatus:
         正在创建“Debug\two_func.unsuccessfulbuild”，因为已指定“AlwaysCreate”。
       ClCompile:
         所有输出均为最新。
         C:\Program Files (x86)\Microsoft Visual Studio 10.0\VC\bin\CL.exe /c /ZI /nologo /W3 /WX- /Od /Oy- /D WIN32 /D _DEBUG /D _CONSOLE /D _MBCS /Gm /EHsc /RTC1 /MTd /GS /fp:precise /Zc:wchar_t /Zc:forScope /Yu"StdAfx.h" /Fp"Debug\two_func.pch" /Fo"Debug\\" /Fd"Debug\vc100.pdb" /Gd /TP /analyze- /errorReport:prompt two_func.cpp
         two_func.cpp
       ManifestResourceCompile:
         所有输出均为最新。
       Link:
         C:\Program Files (x86)\Microsoft Visual Studio 10.0\VC\bin\link.exe /ERRORREPORT:PROMPT /OUT:"F:\CProjec\two_func\Debug\two_func.exe" /INCREMENTAL /NOLOGO /MANIFEST /ManifestFile:"Debug\two_func.exe.intermediate.manifest" /MANIFESTUAC:"level='asInvoker' uiAccess='false'" /DEBUG /PDB:"F:\CProjec\two_func\Debug\two_func.pdb" /SUBSYSTEM:CONSOLE /TLBID:1 /DYNAMICBASE /NXCOMPAT /IMPLIB:"F:\CProjec\two_func\Debug\two_func.lib" /MACHINE:X86 Debug\two_func.exe.embed.manifest.res
         Debug\stdafx.obj
         Debug\two_func.obj
       Manifest:
         C:\Program Files (x86)\Microsoft SDKs\Windows\v7.0A\bin\mt.exe /nologo /verbose /out:"Debug\two_func.exe.embed.manifest" /manifest Debug\two_func.exe.intermediate.manifest "C:\Program Files (x86)\Microsoft Visual Studio 10.0\VC\Include\Manifest\dpiaware.manifest"
         所有输出均为最新。
       LinkEmbedManifest:
         所有输出均为最新。
         two_func.vcxproj -> F:\CProjec\two_func\Debug\two_func.exe
       FinalizeBuildStatus:
         正在删除文件“Debug\two_func.unsuccessfulbuild”。
         正在对“Debug\two_func.lastbuildstate”执行 Touch 任务。
     1>已完成生成项目“F:\CProjec\two_func\two_func\two_func.vcxproj”(build 个目标)的操作。

生成成功。

已用时间 00:00:00.54
