生成启动时间为 2016/11/20 23:16:11。
     1>项目“F:\CProjec\第三章\showf_pt\showf_pt\showf_pt.vcxproj”在节点 2 上(build 个目标)。
     1>InitializeBuildStatus:
         正在创建“Debug\showf_pt.unsuccessfulbuild”，因为已指定“AlwaysCreate”。
       ClCompile:
         所有输出均为最新。
         C:\Program Files (x86)\Microsoft Visual Studio 10.0\VC\bin\CL.exe /c /ZI /nologo /W3 /WX- /Od /Oy- /D WIN32 /D _DEBUG /D _CONSOLE /D _MBCS /Gm /EHsc /RTC1 /MTd /GS /fp:precise /Zc:wchar_t /Zc:forScope /Yu"StdAfx.h" /Fp"Debug\showf_pt.pch" /Fo"Debug\\" /Fd"Debug\vc100.pdb" /Gd /TP /analyze- /errorReport:prompt showf_pt.cpp
         showf_pt.cpp
     1>f:\cprojec\第三章\showf_pt\showf_pt\showf_pt.cpp(12): warning C4056: 浮点常量算术溢出
     1>f:\cprojec\第三章\showf_pt\showf_pt\showf_pt.cpp(12): warning C4756: 常量算法中溢出
     1>f:\cprojec\第三章\showf_pt\showf_pt\showf_pt.cpp(12): warning C4756: 常量算法中溢出
       ManifestResourceCompile:
         所有输出均为最新。
       Link:
         C:\Program Files (x86)\Microsoft Visual Studio 10.0\VC\bin\link.exe /ERRORREPORT:PROMPT /OUT:"F:\CProjec\第三章\showf_pt\Debug\showf_pt.exe" /INCREMENTAL /NOLOGO /MANIFEST /ManifestFile:"Debug\showf_pt.exe.intermediate.manifest" /MANIFESTUAC:"level='asInvoker' uiAccess='false'" /DEBUG /PDB:"F:\CProjec\第三章\showf_pt\Debug\showf_pt.pdb" /SUBSYSTEM:CONSOLE /TLBID:1 /DYNAMICBASE /NXCOMPAT /IMPLIB:"F:\CProjec\第三章\showf_pt\Debug\showf_pt.lib" /MACHINE:X86 Debug\showf_pt.exe.embed.manifest.res
         Debug\showf_pt.obj
         Debug\stdafx.obj
       Manifest:
         C:\Program Files (x86)\Microsoft SDKs\Windows\v7.0A\bin\mt.exe /nologo /verbose /out:"Debug\showf_pt.exe.embed.manifest" /manifest Debug\showf_pt.exe.intermediate.manifest "C:\Program Files (x86)\Microsoft Visual Studio 10.0\VC\Include\Manifest\dpiaware.manifest"
         所有输出均为最新。
       LinkEmbedManifest:
         所有输出均为最新。
         showf_pt.vcxproj -> F:\CProjec\第三章\showf_pt\Debug\showf_pt.exe
       FinalizeBuildStatus:
         正在删除文件“Debug\showf_pt.unsuccessfulbuild”。
         正在对“Debug\showf_pt.lastbuildstate”执行 Touch 任务。
     1>已完成生成项目“F:\CProjec\第三章\showf_pt\showf_pt\showf_pt.vcxproj”(build 个目标)的操作。

生成成功。

已用时间 00:00:00.42
