生成启动时间为 2016/11/27 21:49:45。
     1>项目“F:\CProjec\convert\convert\convert.vcxproj”在节点 2 上(build 个目标)。
     1>InitializeBuildStatus:
         正在创建“Debug\convert.unsuccessfulbuild”，因为已指定“AlwaysCreate”。
       ClCompile:
         所有输出均为最新。
         C:\Program Files (x86)\Microsoft Visual Studio 10.0\VC\bin\CL.exe /c /ZI /nologo /W3 /WX- /Od /Oy- /D WIN32 /D _DEBUG /D _CONSOLE /D _MBCS /Gm /EHsc /RTC1 /MTd /GS /fp:precise /Zc:wchar_t /Zc:forScope /Yu"StdAfx.h" /Fp"Debug\convert.pch" /Fo"Debug\\" /Fd"Debug\vc100.pdb" /Gd /TP /analyze- /errorReport:prompt convert.cpp
         convert.cpp
     1>f:\cprojec\convert\convert\convert.cpp(13): warning C4244: “=”: 从“int”转换到“float”，可能丢失数据
     1>f:\cprojec\convert\convert\convert.cpp(16): warning C4244: “=”: 从“float”转换到“int”，可能丢失数据
     1>f:\cprojec\convert\convert\convert.cpp(17): warning C4244: “=”: 从“double”转换到“float”，可能丢失数据
     1>f:\cprojec\convert\convert\convert.cpp(19): warning C4244: “=”: 从“double”转换到“char”，可能丢失数据
       ManifestResourceCompile:
         所有输出均为最新。
       Link:
         C:\Program Files (x86)\Microsoft Visual Studio 10.0\VC\bin\link.exe /ERRORREPORT:PROMPT /OUT:"F:\CProjec\convert\Debug\convert.exe" /INCREMENTAL /NOLOGO /MANIFEST /ManifestFile:"Debug\convert.exe.intermediate.manifest" /MANIFESTUAC:"level='asInvoker' uiAccess='false'" /DEBUG /PDB:"F:\CProjec\convert\Debug\convert.pdb" /SUBSYSTEM:CONSOLE /TLBID:1 /DYNAMICBASE /NXCOMPAT /IMPLIB:"F:\CProjec\convert\Debug\convert.lib" /MACHINE:X86 Debug\convert.exe.embed.manifest.res
         Debug\convert.obj
         Debug\stdafx.obj
       Manifest:
         C:\Program Files (x86)\Microsoft SDKs\Windows\v7.0A\bin\mt.exe /nologo /verbose /out:"Debug\convert.exe.embed.manifest" /manifest Debug\convert.exe.intermediate.manifest "C:\Program Files (x86)\Microsoft Visual Studio 10.0\VC\Include\Manifest\dpiaware.manifest"
         所有输出均为最新。
       LinkEmbedManifest:
         所有输出均为最新。
         convert.vcxproj -> F:\CProjec\convert\Debug\convert.exe
       FinalizeBuildStatus:
         正在删除文件“Debug\convert.unsuccessfulbuild”。
         正在对“Debug\convert.lastbuildstate”执行 Touch 任务。
     1>已完成生成项目“F:\CProjec\convert\convert\convert.vcxproj”(build 个目标)的操作。

生成成功。

已用时间 00:00:00.46
