生成启动时间为 2016/11/25 0:28:50。
     1>项目“F:\CProjec\post_pre\post_pre\post_pre.vcxproj”在节点 2 上(build 个目标)。
     1>PrepareForBuild:
         正在创建目录“F:\CProjec\post_pre\Debug\”。
       InitializeBuildStatus:
         正在创建“Debug\post_pre.unsuccessfulbuild”，因为已指定“AlwaysCreate”。
       ClCompile:
         C:\Program Files (x86)\Microsoft Visual Studio 10.0\VC\bin\CL.exe /c /ZI /nologo /W3 /WX- /Od /Oy- /D WIN32 /D _DEBUG /D _CONSOLE /D _MBCS /Gm /EHsc /RTC1 /MTd /GS /fp:precise /Zc:wchar_t /Zc:forScope /Yc"StdAfx.h" /Fp"Debug\post_pre.pch" /Fo"Debug\\" /Fd"Debug\vc100.pdb" /Gd /TP /analyze- /errorReport:prompt stdafx.cpp
         stdafx.cpp
         C:\Program Files (x86)\Microsoft Visual Studio 10.0\VC\bin\CL.exe /c /ZI /nologo /W3 /WX- /Od /Oy- /D WIN32 /D _DEBUG /D _CONSOLE /D _MBCS /Gm /EHsc /RTC1 /MTd /GS /fp:precise /Zc:wchar_t /Zc:forScope /Yu"StdAfx.h" /Fp"Debug\post_pre.pch" /Fo"Debug\\" /Fd"Debug\vc100.pdb" /Gd /TP /analyze- /errorReport:prompt post_pre.cpp
         post_pre.cpp
       ManifestResourceCompile:
         C:\Program Files (x86)\Microsoft SDKs\Windows\v7.0A\bin\rc.exe /nologo /fo"Debug\post_pre.exe.embed.manifest.res" Debug\post_pre_manifest.rc 
       Link:
         C:\Program Files (x86)\Microsoft Visual Studio 10.0\VC\bin\link.exe /ERRORREPORT:PROMPT /OUT:"F:\CProjec\post_pre\Debug\post_pre.exe" /INCREMENTAL /NOLOGO /MANIFEST /ManifestFile:"Debug\post_pre.exe.intermediate.manifest" /MANIFESTUAC:"level='asInvoker' uiAccess='false'" /DEBUG /PDB:"F:\CProjec\post_pre\Debug\post_pre.pdb" /SUBSYSTEM:CONSOLE /TLBID:1 /DYNAMICBASE /NXCOMPAT /IMPLIB:"F:\CProjec\post_pre\Debug\post_pre.lib" /MACHINE:X86 Debug\post_pre.exe.embed.manifest.res
         Debug\post_pre.obj
         Debug\stdafx.obj
       Manifest:
         C:\Program Files (x86)\Microsoft SDKs\Windows\v7.0A\bin\mt.exe /nologo /verbose /out:"Debug\post_pre.exe.embed.manifest" /manifest Debug\post_pre.exe.intermediate.manifest "C:\Program Files (x86)\Microsoft Visual Studio 10.0\VC\Include\Manifest\dpiaware.manifest"
         C:\Program Files (x86)\Microsoft SDKs\Windows\v7.0A\bin\rc.exe /nologo /fo"Debug\post_pre.exe.embed.manifest.res" Debug\post_pre_manifest.rc 
       LinkEmbedManifest:
         C:\Program Files (x86)\Microsoft Visual Studio 10.0\VC\bin\link.exe /ERRORREPORT:PROMPT /OUT:"F:\CProjec\post_pre\Debug\post_pre.exe" /INCREMENTAL /NOLOGO /MANIFEST /ManifestFile:"Debug\post_pre.exe.intermediate.manifest" /MANIFESTUAC:"level='asInvoker' uiAccess='false'" /DEBUG /PDB:"F:\CProjec\post_pre\Debug\post_pre.pdb" /SUBSYSTEM:CONSOLE /TLBID:1 /DYNAMICBASE /NXCOMPAT /IMPLIB:"F:\CProjec\post_pre\Debug\post_pre.lib" /MACHINE:X86 Debug\post_pre.exe.embed.manifest.res
         Debug\post_pre.obj
         Debug\stdafx.obj
         post_pre.vcxproj -> F:\CProjec\post_pre\Debug\post_pre.exe
       FinalizeBuildStatus:
         正在删除文件“Debug\post_pre.unsuccessfulbuild”。
         正在对“Debug\post_pre.lastbuildstate”执行 Touch 任务。
     1>已完成生成项目“F:\CProjec\post_pre\post_pre\post_pre.vcxproj”(build 个目标)的操作。

生成成功。

已用时间 00:00:01.43
