生成启动时间为 2016/11/25 0:18:17。
     1>项目“F:\CProjec\add_one\add_one\add_one.vcxproj”在节点 2 上(build 个目标)。
     1>PrepareForBuild:
         正在创建目录“F:\CProjec\add_one\Debug\”。
       InitializeBuildStatus:
         正在创建“Debug\add_one.unsuccessfulbuild”，因为已指定“AlwaysCreate”。
       ClCompile:
         C:\Program Files (x86)\Microsoft Visual Studio 10.0\VC\bin\CL.exe /c /ZI /nologo /W3 /WX- /Od /Oy- /D WIN32 /D _DEBUG /D _CONSOLE /D _MBCS /Gm /EHsc /RTC1 /MTd /GS /fp:precise /Zc:wchar_t /Zc:forScope /Yc"StdAfx.h" /Fp"Debug\add_one.pch" /Fo"Debug\\" /Fd"Debug\vc100.pdb" /Gd /TP /analyze- /errorReport:prompt stdafx.cpp
         stdafx.cpp
         C:\Program Files (x86)\Microsoft Visual Studio 10.0\VC\bin\CL.exe /c /ZI /nologo /W3 /WX- /Od /Oy- /D WIN32 /D _DEBUG /D _CONSOLE /D _MBCS /Gm /EHsc /RTC1 /MTd /GS /fp:precise /Zc:wchar_t /Zc:forScope /Yu"StdAfx.h" /Fp"Debug\add_one.pch" /Fo"Debug\\" /Fd"Debug\vc100.pdb" /Gd /TP /analyze- /errorReport:prompt add_one.cpp
         add_one.cpp
       ManifestResourceCompile:
         C:\Program Files (x86)\Microsoft SDKs\Windows\v7.0A\bin\rc.exe /nologo /fo"Debug\add_one.exe.embed.manifest.res" Debug\add_one_manifest.rc 
       Link:
         C:\Program Files (x86)\Microsoft Visual Studio 10.0\VC\bin\link.exe /ERRORREPORT:PROMPT /OUT:"F:\CProjec\add_one\Debug\add_one.exe" /INCREMENTAL /NOLOGO /MANIFEST /ManifestFile:"Debug\add_one.exe.intermediate.manifest" /MANIFESTUAC:"level='asInvoker' uiAccess='false'" /DEBUG /PDB:"F:\CProjec\add_one\Debug\add_one.pdb" /SUBSYSTEM:CONSOLE /TLBID:1 /DYNAMICBASE /NXCOMPAT /IMPLIB:"F:\CProjec\add_one\Debug\add_one.lib" /MACHINE:X86 Debug\add_one.exe.embed.manifest.res
         Debug\add_one.obj
         Debug\stdafx.obj
       Manifest:
         C:\Program Files (x86)\Microsoft SDKs\Windows\v7.0A\bin\mt.exe /nologo /verbose /out:"Debug\add_one.exe.embed.manifest" /manifest Debug\add_one.exe.intermediate.manifest "C:\Program Files (x86)\Microsoft Visual Studio 10.0\VC\Include\Manifest\dpiaware.manifest"
         C:\Program Files (x86)\Microsoft SDKs\Windows\v7.0A\bin\rc.exe /nologo /fo"Debug\add_one.exe.embed.manifest.res" Debug\add_one_manifest.rc 
       LinkEmbedManifest:
         C:\Program Files (x86)\Microsoft Visual Studio 10.0\VC\bin\link.exe /ERRORREPORT:PROMPT /OUT:"F:\CProjec\add_one\Debug\add_one.exe" /INCREMENTAL /NOLOGO /MANIFEST /ManifestFile:"Debug\add_one.exe.intermediate.manifest" /MANIFESTUAC:"level='asInvoker' uiAccess='false'" /DEBUG /PDB:"F:\CProjec\add_one\Debug\add_one.pdb" /SUBSYSTEM:CONSOLE /TLBID:1 /DYNAMICBASE /NXCOMPAT /IMPLIB:"F:\CProjec\add_one\Debug\add_one.lib" /MACHINE:X86 Debug\add_one.exe.embed.manifest.res
         Debug\add_one.obj
         Debug\stdafx.obj
         add_one.vcxproj -> F:\CProjec\add_one\Debug\add_one.exe
       FinalizeBuildStatus:
         正在删除文件“Debug\add_one.unsuccessfulbuild”。
         正在对“Debug\add_one.lastbuildstate”执行 Touch 任务。
     1>已完成生成项目“F:\CProjec\add_one\add_one\add_one.vcxproj”(build 个目标)的操作。

生成成功。

已用时间 00:00:01.09
