生成启动时间为 2016/11/18 1:42:58。
     1>项目“F:\CProjec\第三章\rhodium\rhodium\rhodium.vcxproj”在节点 2 上(build 个目标)。
     1>InitializeBuildStatus:
         正在创建“Debug\rhodium.unsuccessfulbuild”，因为已指定“AlwaysCreate”。
       ClCompile:
         所有输出均为最新。
         C:\Program Files (x86)\Microsoft Visual Studio 10.0\VC\bin\CL.exe /c /ZI /nologo /W3 /WX- /Od /Oy- /D WIN32 /D _DEBUG /D _CONSOLE /D _MBCS /Gm /EHsc /RTC1 /MTd /GS /fp:precise /Zc:wchar_t /Zc:forScope /Yu"StdAfx.h" /Fp"Debug\rhodium.pch" /Fo"Debug\\" /Fd"Debug\vc100.pdb" /Gd /TP /analyze- /errorReport:prompt rhodium.cpp
         rhodium.cpp
     1>f:\cprojec\第三章\rhodium\rhodium\rhodium.cpp(15): warning C4996: 'scanf': This function or variable may be unsafe. Consider using scanf_s instead. To disable deprecation, use _CRT_SECURE_NO_WARNINGS. See online help for details.
                 c:\program files (x86)\microsoft visual studio 10.0\vc\include\stdio.h(304) : 参见“scanf”的声明
     1>f:\cprojec\第三章\rhodium\rhodium\rhodium.cpp(18): warning C4244: “=”: 从“double”转换到“float”，可能丢失数据
       ManifestResourceCompile:
         所有输出均为最新。
       Link:
         C:\Program Files (x86)\Microsoft Visual Studio 10.0\VC\bin\link.exe /ERRORREPORT:PROMPT /OUT:"F:\CProjec\第三章\rhodium\Debug\rhodium.exe" /INCREMENTAL /NOLOGO /MANIFEST /ManifestFile:"Debug\rhodium.exe.intermediate.manifest" /MANIFESTUAC:"level='asInvoker' uiAccess='false'" /DEBUG /PDB:"F:\CProjec\第三章\rhodium\Debug\rhodium.pdb" /SUBSYSTEM:CONSOLE /TLBID:1 /DYNAMICBASE /NXCOMPAT /IMPLIB:"F:\CProjec\第三章\rhodium\Debug\rhodium.lib" /MACHINE:X86 Debug\rhodium.exe.embed.manifest.res
         Debug\rhodium.obj
         Debug\stdafx.obj
       Manifest:
         C:\Program Files (x86)\Microsoft SDKs\Windows\v7.0A\bin\mt.exe /nologo /verbose /out:"Debug\rhodium.exe.embed.manifest" /manifest Debug\rhodium.exe.intermediate.manifest "C:\Program Files (x86)\Microsoft Visual Studio 10.0\VC\Include\Manifest\dpiaware.manifest"
         所有输出均为最新。
       LinkEmbedManifest:
         所有输出均为最新。
         rhodium.vcxproj -> F:\CProjec\第三章\rhodium\Debug\rhodium.exe
       FinalizeBuildStatus:
         正在删除文件“Debug\rhodium.unsuccessfulbuild”。
         正在对“Debug\rhodium.lastbuildstate”执行 Touch 任务。
     1>已完成生成项目“F:\CProjec\第三章\rhodium\rhodium\rhodium.vcxproj”(build 个目标)的操作。

生成成功。

已用时间 00:00:00.40
